platforms/android/app/build/outputs/logs/manifest-merger-debug-report.txt
-- Merging decision tree log ---
manifest
ADDED from src\main\AndroidManifest.xml:2:1-28:12
INJECTED from src\main\AndroidManifest.xml:2:1-28:12
INJECTED from src\main\AndroidManifest.xml:2:1-28:12
INJECTED from src\main\AndroidManifest.xml:2:1-28:12
MERGED from [com.google.android.gms:play-services-gcm:12.0.1] AndroidManifest.xml:17:1-28:12
MERGED from [com.google.android.gms:play-services-iid:12.0.1] AndroidManifest.xml:17:1-28:12
MERGED from [com.google.android.gms:play-services-base:12.0.1] AndroidManifest.xml:17:1-29:12
MERGED from [com.google.android.gms:play-services-tasks:12.0.1] AndroidManifest.xml:2:1-9:12
MERGED from [com.google.android.gms:play-services-basement:12.0.1] AndroidManifest.xml:17:1-28:12
MERGED from [com.android.support:support-v4:27.1.1] AndroidManifest.xml:17:1-22:12
MERGED from [com.pushbots:pushbots-lib:3.2.3-c] AndroidManifest.xml:2:1-54:12
MERGED from [com.stripe:stripe-android:4.1.2] AndroidManifest.xml:2:1-11:12
MERGED from [:CordovaLib] AndroidManifest.xml:20:1-27:12
MERGED from [com.android.support:support-media-compat:27.1.1] AndroidManifest.xml:17:1-22:12
MERGED from [com.android.support:appcompat-v7:27.1.1] AndroidManifest.xml:17:1-22:12
MERGED from [com.android.support:support-fragment:27.1.1] AndroidManifest.xml:17:1-22:12
MERGED from [com.android.support:animated-vector-drawable:27.1.1] AndroidManifest.xml:17:1-22:12
MERGED from [com.android.support:support-core-ui:27.1.1] AndroidManifest.xml:17:1-22:12
MERGED from [com.android.support:support-core-utils:27.1.1] AndroidManifest.xml:17:1-22:12
MERGED from [com.android.support:support-vector-drawable:27.1.1] AndroidManifest.xml:17:1-22:12
MERGED from [com.android.support:support-compat:27.1.1] AndroidManifest.xml:17:1-22:12
MERGED from [com.google.android.gms:play-services-gcm-license:12.0.1] AndroidManifest.xml:17:1-24:12
MERGED from [android.arch.lifecycle:runtime:1.1.0] AndroidManifest.xml:17:1-22:12
MERGED from [android.arch.lifecycle:livedata-core:1.1.0] AndroidManifest.xml:17:1-22:12
MERGED from [android.arch.lifecycle:viewmodel:1.1.0] AndroidManifest.xml:17:1-22:12
MERGED from [com.google.android.gms:play-services-base-license:12.0.1] AndroidManifest.xml:17:1-24:12
MERGED from [com.google.android.gms:play-services-basement-license:12.0.1] AndroidManifest.xml:17:1-24:12
MERGED from [com.google.android.gms:play-services-iid-license:12.0.1] AndroidManifest.xml:17:1-24:12
MERGED from [android.arch.core:runtime:1.1.0] AndroidManifest.xml:17:1-22:12
MERGED from [com.google.android.gms:play-services-tasks-license:12.0.1] AndroidManifest.xml:17:1-24:12
INJECTED from src\main\AndroidManifest.xml:2:1-28:12
INJECTED from src\main\AndroidManifest.xml:2:1-28:12
INJECTED from src\main\AndroidManifest.xml:2:1-28:12
	package
		ADDED from src\main\AndroidManifest.xml:2:102-129
		INJECTED from src\main\AndroidManifest.xml
		INJECTED from src\main\AndroidManifest.xml
	android:versionName
		ADDED from src\main\AndroidManifest.xml:2:74-101
		INJECTED from src\main\AndroidManifest.xml
		INJECTED from src\main\AndroidManifest.xml
	android:hardwareAccelerated
		ADDED from src\main\AndroidManifest.xml:2:11-45
	xmlns:android
		ADDED from src\main\AndroidManifest.xml:2:130-188
	android:versionCode
		ADDED from src\main\AndroidManifest.xml:2:46-73
		INJECTED from src\main\AndroidManifest.xml
		INJECTED from src\main\AndroidManifest.xml
supports-screens
ADDED from src\main\AndroidManifest.xml:3:3-188
	android:largeScreens
		ADDED from src\main\AndroidManifest.xml:3:47-74
	android:smallScreens
		ADDED from src\main\AndroidManifest.xml:3:130-157
	android:normalScreens
		ADDED from src\main\AndroidManifest.xml:3:75-103
	android:xlargeScreens
		ADDED from src\main\AndroidManifest.xml:3:158-186
	android:resizeable
		ADDED from src\main\AndroidManifest.xml:3:104-129
	android:anyDensity
		ADDED from src\main\AndroidManifest.xml:3:21-46
uses-permission#android.permission.INTERNET
ADDED from src\main\AndroidManifest.xml:4:3-64
MERGED from [com.google.android.gms:play-services-gcm:12.0.1] AndroidManifest.xml:24:5-67
MERGED from [com.google.android.gms:play-services-gcm:12.0.1] AndroidManifest.xml:24:5-67
MERGED from [com.google.android.gms:play-services-iid:12.0.1] AndroidManifest.xml:24:5-67
MERGED from [com.google.android.gms:play-services-iid:12.0.1] AndroidManifest.xml:24:5-67
MERGED from [com.pushbots:pushbots-lib:3.2.3-c] AndroidManifest.xml:15:5-67
MERGED from [com.pushbots:pushbots-lib:3.2.3-c] AndroidManifest.xml:15:5-67
	android:name
		ADDED from src\main\AndroidManifest.xml:4:20-62
uses-permission#android.permission.VIBRATE
ADDED from src\main\AndroidManifest.xml:5:3-63
MERGED from [com.pushbots:pushbots-lib:3.2.3-c] AndroidManifest.xml:20:5-66
MERGED from [com.pushbots:pushbots-lib:3.2.3-c] AndroidManifest.xml:20:5-66
	android:name
		ADDED from src\main\AndroidManifest.xml:5:20-61
uses-permission#android.permission.ACCESS_NETWORK_STATE
ADDED from src\main\AndroidManifest.xml:6:3-76
MERGED from [com.pushbots:pushbots-lib:3.2.3-c] AndroidManifest.xml:16:5-79
MERGED from [com.pushbots:pushbots-lib:3.2.3-c] AndroidManifest.xml:16:5-79
	android:name
		ADDED from src\main\AndroidManifest.xml:6:20-74
uses-permission#android.permission.ACCESS_COARSE_LOCATION
ADDED from src\main\AndroidManifest.xml:7:3-78
	android:name
		ADDED from src\main\AndroidManifest.xml:7:20-76
uses-permission#android.permission.ACCESS_FINE_LOCATION
ADDED from src\main\AndroidManifest.xml:8:3-76
	android:name
		ADDED from src\main\AndroidManifest.xml:8:20-74
uses-permission#android.permission.WAKE_LOCK
ADDED from src\main\AndroidManifest.xml:9:3-65
MERGED from [com.pushbots:pushbots-lib:3.2.3-c] AndroidManifest.xml:18:5-68
MERGED from [com.pushbots:pushbots-lib:3.2.3-c] AndroidManifest.xml:18:5-68
	android:name
		ADDED from src\main\AndroidManifest.xml:9:20-63
application
ADDED from src\main\AndroidManifest.xml:10:3-25:17
MERGED from [com.google.android.gms:play-services-gcm:12.0.1] AndroidManifest.xml:26:5-20
MERGED from [com.google.android.gms:play-services-gcm:12.0.1] AndroidManifest.xml:26:5-20
MERGED from [com.google.android.gms:play-services-iid:12.0.1] AndroidManifest.xml:26:5-20
MERGED from [com.google.android.gms:play-services-iid:12.0.1] AndroidManifest.xml:26:5-20
MERGED from [com.google.android.gms:play-services-base:12.0.1] AndroidManifest.xml:22:5-27:19
MERGED from [com.google.android.gms:play-services-base:12.0.1] AndroidManifest.xml:22:5-27:19
MERGED from [com.google.android.gms:play-services-tasks:12.0.1] AndroidManifest.xml:7:5-20
MERGED from [com.google.android.gms:play-services-tasks:12.0.1] AndroidManifest.xml:7:5-20
MERGED from [com.google.android.gms:play-services-basement:12.0.1] AndroidManifest.xml:22:5-26:19
MERGED from [com.google.android.gms:play-services-basement:12.0.1] AndroidManifest.xml:22:5-26:19
MERGED from [com.pushbots:pushbots-lib:3.2.3-c] AndroidManifest.xml:22:5-52:19
MERGED from [com.pushbots:pushbots-lib:3.2.3-c] AndroidManifest.xml:22:5-52:19
MERGED from [com.google.android.gms:play-services-gcm-license:12.0.1] AndroidManifest.xml:22:5-20
MERGED from [com.google.android.gms:play-services-gcm-license:12.0.1] AndroidManifest.xml:22:5-20
MERGED from [com.google.android.gms:play-services-base-license:12.0.1] AndroidManifest.xml:22:5-20
MERGED from [com.google.android.gms:play-services-base-license:12.0.1] AndroidManifest.xml:22:5-20
MERGED from [com.google.android.gms:play-services-basement-license:12.0.1] AndroidManifest.xml:22:5-20
MERGED from [com.google.android.gms:play-services-basement-license:12.0.1] AndroidManifest.xml:22:5-20
MERGED from [com.google.android.gms:play-services-iid-license:12.0.1] AndroidManifest.xml:22:5-20
MERGED from [com.google.android.gms:play-services-iid-license:12.0.1] AndroidManifest.xml:22:5-20
MERGED from [com.google.android.gms:play-services-tasks-license:12.0.1] AndroidManifest.xml:22:5-20
MERGED from [com.google.android.gms:play-services-tasks-license:12.0.1] AndroidManifest.xml:22:5-20
	android:supportsRtl
		ADDED from src\main\AndroidManifest.xml:10:112-138
	android:label
		ADDED from src\main\AndroidManifest.xml:10:79-111
	android:hardwareAccelerated
		ADDED from src\main\AndroidManifest.xml:10:16-50
	android:icon
		ADDED from src\main\AndroidManifest.xml:10:51-78
activity#tricypolitain.com.MainActivity
ADDED from src\main\AndroidManifest.xml:11:5-22:16
	android:label
		ADDED from src\main\AndroidManifest.xml:11:93-130
	android:launchMode
		ADDED from src\main\AndroidManifest.xml:11:131-166
	android:windowSoftInputMode
		ADDED from src\main\AndroidManifest.xml:11:258-300
	android:configChanges
		ADDED from src\main\AndroidManifest.xml:11:15-92
	android:theme
		ADDED from src\main\AndroidManifest.xml:11:195-257
	android:name
		ADDED from src\main\AndroidManifest.xml:11:167-194
intent-filter#android.intent.action.MAIN+android.intent.category.LAUNCHER
ADDED from src\main\AndroidManifest.xml:12:7-15:23
	android:label
		ADDED from src\main\AndroidManifest.xml:12:22-59
action#android.intent.action.MAIN
ADDED from src\main\AndroidManifest.xml:13:9-60
	android:name
		ADDED from src\main\AndroidManifest.xml:13:17-58
category#android.intent.category.LAUNCHER
ADDED from src\main\AndroidManifest.xml:14:9-68
	android:name
		ADDED from src\main\AndroidManifest.xml:14:19-66
intent-filter#android.intent.action.VIEW+android.intent.category.BROWSABLE+android.intent.category.DEFAULT
ADDED from src\main\AndroidManifest.xml:16:7-21:23
action#android.intent.action.VIEW
ADDED from src\main\AndroidManifest.xml:17:9-60
	android:name
		ADDED from src\main\AndroidManifest.xml:17:17-58
category#android.intent.category.DEFAULT
ADDED from src\main\AndroidManifest.xml:18:9-67
	android:name
		ADDED from src\main\AndroidManifest.xml:18:19-65
category#android.intent.category.BROWSABLE
ADDED from src\main\AndroidManifest.xml:19:9-69
	android:name
		ADDED from src\main\AndroidManifest.xml:19:19-67
data
ADDED from src\main\AndroidManifest.xml:20:9-72
	android:host
		ADDED from src\main\AndroidManifest.xml:20:15-47
	android:scheme
		ADDED from src\main\AndroidManifest.xml:20:48-70
receiver#com.pushbots.plugin.PushHandler
ADDED from src\main\AndroidManifest.xml:23:5-63
	android:name
		ADDED from src\main\AndroidManifest.xml:23:15-61
service#de.appplant.cordova.plugin.background.ForegroundService
ADDED from src\main\AndroidManifest.xml:24:5-86
	android:name
		ADDED from src\main\AndroidManifest.xml:24:14-84
uses-sdk
ADDED from src\main\AndroidManifest.xml:26:3-71
INJECTED from src\main\AndroidManifest.xml:26:3-71
MERGED from [com.google.android.gms:play-services-gcm:12.0.1] AndroidManifest.xml:20:5-44
MERGED from [com.google.android.gms:play-services-gcm:12.0.1] AndroidManifest.xml:20:5-44
MERGED from [com.google.android.gms:play-services-iid:12.0.1] AndroidManifest.xml:20:5-44
MERGED from [com.google.android.gms:play-services-iid:12.0.1] AndroidManifest.xml:20:5-44
MERGED from [com.google.android.gms:play-services-base:12.0.1] AndroidManifest.xml:20:5-44
MERGED from [com.google.android.gms:play-services-base:12.0.1] AndroidManifest.xml:20:5-44
MERGED from [com.google.android.gms:play-services-tasks:12.0.1] AndroidManifest.xml:5:5-44
MERGED from [com.google.android.gms:play-services-tasks:12.0.1] AndroidManifest.xml:5:5-44
MERGED from [com.google.android.gms:play-services-basement:12.0.1] AndroidManifest.xml:20:5-44
MERGED from [com.google.android.gms:play-services-basement:12.0.1] AndroidManifest.xml:20:5-44
MERGED from [com.android.support:support-v4:27.1.1] AndroidManifest.xml:20:5-44
MERGED from [com.android.support:support-v4:27.1.1] AndroidManifest.xml:20:5-44
MERGED from [com.pushbots:pushbots-lib:3.2.3-c] AndroidManifest.xml:6:5-44
MERGED from [com.pushbots:pushbots-lib:3.2.3-c] AndroidManifest.xml:6:5-44
MERGED from [com.stripe:stripe-android:4.1.2] AndroidManifest.xml:7:5-9:41
MERGED from [com.stripe:stripe-android:4.1.2] AndroidManifest.xml:7:5-9:41
MERGED from [:CordovaLib] AndroidManifest.xml:25:5-44
MERGED from [:CordovaLib] AndroidManifest.xml:25:5-44
MERGED from [com.android.support:support-media-compat:27.1.1] AndroidManifest.xml:20:5-44
MERGED from [com.android.support:support-media-compat:27.1.1] AndroidManifest.xml:20:5-44
MERGED from [com.android.support:appcompat-v7:27.1.1] AndroidManifest.xml:20:5-44
MERGED from [com.android.support:appcompat-v7:27.1.1] AndroidManifest.xml:20:5-44
MERGED from [com.android.support:support-fragment:27.1.1] AndroidManifest.xml:20:5-44
MERGED from [com.android.support:support-fragment:27.1.1] AndroidManifest.xml:20:5-44
MERGED from [com.android.support:animated-vector-drawable:27.1.1] AndroidManifest.xml:20:5-44
MERGED from [com.android.support:animated-vector-drawable:27.1.1] AndroidManifest.xml:20:5-44
MERGED from [com.android.support:support-core-ui:27.1.1] AndroidManifest.xml:20:5-44
MERGED from [com.android.support:support-core-ui:27.1.1] AndroidManifest.xml:20:5-44
MERGED from [com.android.support:support-core-utils:27.1.1] AndroidManifest.xml:20:5-44
MERGED from [com.android.support:support-core-utils:27.1.1] AndroidManifest.xml:20:5-44
MERGED from [com.android.support:support-vector-drawable:27.1.1] AndroidManifest.xml:20:5-44
MERGED from [com.android.support:support-vector-drawable:27.1.1] AndroidManifest.xml:20:5-44
MERGED from [com.android.support:support-compat:27.1.1] AndroidManifest.xml:20:5-44
MERGED from [com.android.support:support-compat:27.1.1] AndroidManifest.xml:20:5-44
MERGED from [com.google.android.gms:play-services-gcm-license:12.0.1] AndroidManifest.xml:20:5-44
MERGED from [com.google.android.gms:play-services-gcm-license:12.0.1] AndroidManifest.xml:20:5-44
MERGED from [android.arch.lifecycle:runtime:1.1.0] AndroidManifest.xml:20:5-44
MERGED from [android.arch.lifecycle:runtime:1.1.0] AndroidManifest.xml:20:5-44
MERGED from [android.arch.lifecycle:livedata-core:1.1.0] AndroidManifest.xml:20:5-44
MERGED from [android.arch.lifecycle:livedata-core:1.1.0] AndroidManifest.xml:20:5-44
MERGED from [android.arch.lifecycle:viewmodel:1.1.0] AndroidManifest.xml:20:5-44
MERGED from [android.arch.lifecycle:viewmodel:1.1.0] AndroidManifest.xml:20:5-44
MERGED from [com.google.android.gms:play-services-base-license:12.0.1] AndroidManifest.xml:20:5-44
MERGED from [com.google.android.gms:play-services-base-license:12.0.1] AndroidManifest.xml:20:5-44
MERGED from [com.google.android.gms:play-services-basement-license:12.0.1] AndroidManifest.xml:20:5-44
MERGED from [com.google.android.gms:play-services-basement-license:12.0.1] AndroidManifest.xml:20:5-44
MERGED from [com.google.android.gms:play-services-iid-license:12.0.1] AndroidManifest.xml:20:5-44
MERGED from [com.google.android.gms:play-services-iid-license:12.0.1] AndroidManifest.xml:20:5-44
MERGED from [android.arch.core:runtime:1.1.0] AndroidManifest.xml:20:5-44
MERGED from [android.arch.core:runtime:1.1.0] AndroidManifest.xml:20:5-44
MERGED from [com.google.android.gms:play-services-tasks-license:12.0.1] AndroidManifest.xml:20:5-44
MERGED from [com.google.android.gms:play-services-tasks-license:12.0.1] AndroidManifest.xml:20:5-44
INJECTED from src\main\AndroidManifest.xml:26:3-71
	android:targetSdkVersion
		ADDED from src\main\AndroidManifest.xml:26:40-69
	android:minSdkVersion
		ADDED from src\main\AndroidManifest.xml:26:13-39
		INJECTED from src\main\AndroidManifest.xml
		INJECTED from src\main\AndroidManifest.xml
uses-feature#android.hardware.location.gps
ADDED from src\main\AndroidManifest.xml:27:3-63
	android:name
		ADDED from src\main\AndroidManifest.xml:27:17-61
uses-permission#com.google.android.c2dm.permission.RECEIVE
ADDED from [com.google.android.gms:play-services-gcm:12.0.1] AndroidManifest.xml:23:5-82
MERGED from [com.google.android.gms:play-services-iid:12.0.1] AndroidManifest.xml:23:5-82
MERGED from [com.google.android.gms:play-services-iid:12.0.1] AndroidManifest.xml:23:5-82
MERGED from [com.pushbots:pushbots-lib:3.2.3-c] AndroidManifest.xml:19:5-82
MERGED from [com.pushbots:pushbots-lib:3.2.3-c] AndroidManifest.xml:19:5-82
	android:name
		ADDED from [com.google.android.gms:play-services-gcm:12.0.1] AndroidManifest.xml:23:22-79
activity#com.google.android.gms.common.api.GoogleApiActivity
ADDED from [com.google.android.gms:play-services-base:12.0.1] AndroidManifest.xml:23:9-26:75
	android:exported
		ADDED from [com.google.android.gms:play-services-base:12.0.1] AndroidManifest.xml:25:13-37
	android:theme
		ADDED from [com.google.android.gms:play-services-base:12.0.1] AndroidManifest.xml:26:13-72
	android:name
		ADDED from [com.google.android.gms:play-services-base:12.0.1] AndroidManifest.xml:24:13-79
meta-data#com.google.android.gms.version
ADDED from [com.google.android.gms:play-services-basement:12.0.1] AndroidManifest.xml:23:9-25:69
	android:value
		ADDED from [com.google.android.gms:play-services-basement:12.0.1] AndroidManifest.xml:25:13-66
	android:name
		ADDED from [com.google.android.gms:play-services-basement:12.0.1] AndroidManifest.xml:24:13-58
permission#${applicationId}.permission.C2D_MESSAGE
ADDED from [com.pushbots:pushbots-lib:3.2.3-c] AndroidManifest.xml:8:5-10:47
	android:protectionLevel
		ADDED from [com.pushbots:pushbots-lib:3.2.3-c] AndroidManifest.xml:10:9-44
	android:name
		ADDED from [com.pushbots:pushbots-lib:3.2.3-c] AndroidManifest.xml:9:9-63
permission#tricypolitain.com.permission.C2D_MESSAGE
ADDED from [com.pushbots:pushbots-lib:3.2.3-c] AndroidManifest.xml:8:5-10:47
	android:protectionLevel
		ADDED from [com.pushbots:pushbots-lib:3.2.3-c] AndroidManifest.xml:10:9-44
	android:name
		ADDED from [com.pushbots:pushbots-lib:3.2.3-c] AndroidManifest.xml:9:9-63
uses-permission#${applicationId}.permission.C2D_MESSAGE
ADDED from [com.pushbots:pushbots-lib:3.2.3-c] AndroidManifest.xml:12:5-79
	android:name
		ADDED from [com.pushbots:pushbots-lib:3.2.3-c] AndroidManifest.xml:12:22-76
uses-permission#tricypolitain.com.permission.C2D_MESSAGE
ADDED from [com.pushbots:pushbots-lib:3.2.3-c] AndroidManifest.xml:12:5-79
	android:name
		ADDED from [com.pushbots:pushbots-lib:3.2.3-c] AndroidManifest.xml:12:22-76
uses-permission#android.permission.GET_ACCOUNTS
ADDED from [com.pushbots:pushbots-lib:3.2.3-c] AndroidManifest.xml:17:5-71
	android:name
		ADDED from [com.pushbots:pushbots-lib:3.2.3-c] AndroidManifest.xml:17:22-68
meta-data#pushbots_app_id
ADDED from [com.pushbots:pushbots-lib:3.2.3-c] AndroidManifest.xml:23:9-25:50
	android:value
		ADDED from [com.pushbots:pushbots-lib:3.2.3-c] AndroidManifest.xml:25:13-47
	android:name
		ADDED from [com.pushbots:pushbots-lib:3.2.3-c] AndroidManifest.xml:24:13-43
meta-data#google_sender_id
ADDED from [com.pushbots:pushbots-lib:3.2.3-c] AndroidManifest.xml:26:9-28:53
	android:value
		ADDED from [com.pushbots:pushbots-lib:3.2.3-c] AndroidManifest.xml:28:13-50
	android:name
		ADDED from [com.pushbots:pushbots-lib:3.2.3-c] AndroidManifest.xml:27:13-44
meta-data#pushbots_loglevel
ADDED from [com.pushbots:pushbots-lib:3.2.3-c] AndroidManifest.xml:29:9-31:52
	android:value
		ADDED from [com.pushbots:pushbots-lib:3.2.3-c] AndroidManifest.xml:31:13-49
	android:name
		ADDED from [com.pushbots:pushbots-lib:3.2.3-c] AndroidManifest.xml:30:13-45
receiver#com.pushbots.push.GCMBroadcastReceiver
ADDED from [com.pushbots:pushbots-lib:3.2.3-c] AndroidManifest.xml:33:9-41:20
	android:permission
		ADDED from [com.pushbots:pushbots-lib:3.2.3-c] AndroidManifest.xml:35:13-73
	android:name
		ADDED from [com.pushbots:pushbots-lib:3.2.3-c] AndroidManifest.xml:34:13-66
intent-filter#${applicationId}+com.google.android.c2dm.intent.RECEIVE
ADDED from [com.pushbots:pushbots-lib:3.2.3-c] AndroidManifest.xml:36:13-40:29
intent-filter#com.google.android.c2dm.intent.RECEIVE+tricypolitain.com
ADDED from [com.pushbots:pushbots-lib:3.2.3-c] AndroidManifest.xml:36:13-40:29
action#com.google.android.c2dm.intent.RECEIVE
ADDED from [com.pushbots:pushbots-lib:3.2.3-c] AndroidManifest.xml:37:17-81
	android:name
		ADDED from [com.pushbots:pushbots-lib:3.2.3-c] AndroidManifest.xml:37:25-78
category#${applicationId}
ADDED from [com.pushbots:pushbots-lib:3.2.3-c] AndroidManifest.xml:39:17-61
	android:name
		ADDED from [com.pushbots:pushbots-lib:3.2.3-c] AndroidManifest.xml:39:27-58
category#tricypolitain.com
ADDED from [com.pushbots:pushbots-lib:3.2.3-c] AndroidManifest.xml:39:17-61
	android:name
		ADDED from [com.pushbots:pushbots-lib:3.2.3-c] AndroidManifest.xml:39:27-58
receiver#com.pushbots.push.DefaultPushHandler
ADDED from [com.pushbots:pushbots-lib:3.2.3-c] AndroidManifest.xml:42:9-73
	android:name
		ADDED from [com.pushbots:pushbots-lib:3.2.3-c] AndroidManifest.xml:42:19-70
service#com.pushbots.push.GCMIntentService
ADDED from [com.pushbots:pushbots-lib:3.2.3-c] AndroidManifest.xml:44:9-70
	android:name
		ADDED from [com.pushbots:pushbots-lib:3.2.3-c] AndroidManifest.xml:44:18-67
service#com.pushbots.push.GcmIntentJobService
ADDED from [com.pushbots:pushbots-lib:3.2.3-c] AndroidManifest.xml:45:9-47:72
	android:permission
		ADDED from [com.pushbots:pushbots-lib:3.2.3-c] AndroidManifest.xml:47:13-69
	android:name
		ADDED from [com.pushbots:pushbots-lib:3.2.3-c] AndroidManifest.xml:46:13-65
activity#com.pushbots.push.LandingActivity
ADDED from [com.pushbots:pushbots-lib:3.2.3-c] AndroidManifest.xml:49:9-51:78
	android:theme
		ADDED from [com.pushbots:pushbots-lib:3.2.3-c] AndroidManifest.xml:51:13-75
	android:name
		ADDED from [com.pushbots:pushbots-lib:3.2.3-c] AndroidManifest.xml:50:13-61